Android/build/outputs/logs/manifest-merger-debug-report.txt
-- Merging decision tree log ---
manifest
ADDED from Android\AndroidManifest.xml:2:1-207:12
INJECTED from Android\AndroidManifest.xml:2:1-207:12
INJECTED from Android\AndroidManifest.xml:2:1-207:12
INJECTED from Android\AndroidManifest.xml:2:1-207:12
INJECTED from Android\AndroidManifest.xml:2:1-207:12
	package
		ADDED from Android\AndroidManifest.xml:3:2-34
	android:versionName
		ADDED from Android\AndroidManifest.xml:5:5-32
		INJECTED from Android\AndroidManifest.xml
		INJECTED from Android\AndroidManifest.xml
	xmlns:android
		ADDED from Android\AndroidManifest.xml:2:12-70
	android:versionCode
		ADDED from Android\AndroidManifest.xml:4:5-29
		INJECTED from Android\AndroidManifest.xml
		INJECTED from Android\AndroidManifest.xml
uses-permission#android.permission.WRITE_EXTERNAL_STORAGE
ADDED from Android\AndroidManifest.xml:8:5-81
	android:name
		ADDED from Android\AndroidManifest.xml:8:22-78
uses-permission#android.permission.INTERNET
ADDED from Android\AndroidManifest.xml:9:2-64
	android:name
		ADDED from Android\AndroidManifest.xml:9:19-61
uses-permission#android.permission.WAKE_LOCK
ADDED from Android\AndroidManifest.xml:10:2-65
	android:name
		ADDED from Android\AndroidManifest.xml:10:19-62
application
ADDED from Android\AndroidManifest.xml:12:5-205:19
	android:label
		ADDED from Android\AndroidManifest.xml:14:5-23
	android:icon
		ADDED from Android\AndroidManifest.xml:15:5-34
	android:allowBackup
		ADDED from Android\AndroidManifest.xml:13:5-31
activity#org.zeroxlab.benchmark.Benchmark
ADDED from Android\AndroidManifest.xml:17:2-26:13
	android:screenOrientation
		ADDED from Android\AndroidManifest.xml:20:2-38
	android:label
		ADDED from Android\AndroidManifest.xml:19:2-22
	android:name
		ADDED from Android\AndroidManifest.xml:18:2-26
intent-filter#android.intent.action.MAIN+android.intent.category.LAUNCHER
ADDED from Android\AndroidManifest.xml:22:2-25:18
action#android.intent.action.MAIN
ADDED from Android\AndroidManifest.xml:23:2-54
	android:name
		ADDED from Android\AndroidManifest.xml:23:10-51
category#android.intent.category.LAUNCHER
ADDED from Android\AndroidManifest.xml:24:2-62
	android:name
		ADDED from Android\AndroidManifest.xml:24:12-59
activity#org.zeroxlab.benchmark.ActivitySettings
ADDED from Android\AndroidManifest.xml:28:9-34:20
	android:screenOrientation
		ADDED from Android\AndroidManifest.xml:30:13-49
	android:name
		ADDED from Android\AndroidManifest.xml:29:13-44
intent-filter#android.intent.action.MAIN
ADDED from Android\AndroidManifest.xml:31:13-33:29
activity#org.zeroxlab.benchmark.TesterCanvas
ADDED from Android\AndroidManifest.xml:36:2-43:13
	android:screenOrientation
		ADDED from Android\AndroidManifest.xml:38:2-38
	android:name
		ADDED from Android\AndroidManifest.xml:37:2-29
activity#org.zeroxlab.kubench.Kubench
ADDED from Android\AndroidManifest.xml:44:2-51:13
	android:screenOrientation
		ADDED from Android\AndroidManifest.xml:46:2-38
	android:name
		ADDED from Android\AndroidManifest.xml:45:2-45
activity#org.zeroxlab.graphics.DrawCircle
ADDED from Android\AndroidManifest.xml:52:2-59:13
	android:screenOrientation
		ADDED from Android\AndroidManifest.xml:54:2-38
	android:name
		ADDED from Android\AndroidManifest.xml:53:2-49
activity#org.zeroxlab.benchmark.TesterGC
ADDED from Android\AndroidManifest.xml:61:2-68:13
	android:screenOrientation
		ADDED from Android\AndroidManifest.xml:63:2-38
	android:name
		ADDED from Android\AndroidManifest.xml:62:2-48
activity#org.zeroxlab.benchmark.TesterArithmetic
ADDED from Android\AndroidManifest.xml:70:2-77:13
	android:screenOrientation
		ADDED from Android\AndroidManifest.xml:72:2-38
	android:name
		ADDED from Android\AndroidManifest.xml:71:2-56
activity#org.zeroxlab.benchmark.TesterJavascript
ADDED from Android\AndroidManifest.xml:79:2-86:13
	android:screenOrientation
		ADDED from Android\AndroidManifest.xml:81:2-38
	android:name
		ADDED from Android\AndroidManifest.xml:80:2-56
activity#org.zeroxlab.benchmark.TesterScimark2
ADDED from Android\AndroidManifest.xml:88:2-95:13
	android:screenOrientation
		ADDED from Android\AndroidManifest.xml:90:2-38
	android:name
		ADDED from Android\AndroidManifest.xml:89:2-54
activity#org.zeroxlab.benchmark.Report
ADDED from Android\AndroidManifest.xml:97:2-104:13
	android:screenOrientation
		ADDED from Android\AndroidManifest.xml:99:2-38
	android:name
		ADDED from Android\AndroidManifest.xml:98:2-46
activity#org.zeroxlab.benchmark.Upload
ADDED from Android\AndroidManifest.xml:106:2-113:13
	android:screenOrientation
		ADDED from Android\AndroidManifest.xml:108:2-38
	android:name
		ADDED from Android\AndroidManifest.xml:107:2-46
activity#com.nea.nehe.lesson08.Run
ADDED from Android\AndroidManifest.xml:115:2-122:13
	android:screenOrientation
		ADDED from Android\AndroidManifest.xml:117:2-38
	android:name
		ADDED from Android\AndroidManifest.xml:116:2-42
activity#com.nea.nehe.lesson16.Run
ADDED from Android\AndroidManifest.xml:124:2-131:13
	android:screenOrientation
		ADDED from Android\AndroidManifest.xml:126:2-38
	android:name
		ADDED from Android\AndroidManifest.xml:125:2-42
activity#org.itri.teapot.TeapotES
ADDED from Android\AndroidManifest.xml:133:2-140:13
	android:screenOrientation
		ADDED from Android\AndroidManifest.xml:135:2-38
	android:name
		ADDED from Android\AndroidManifest.xml:134:2-41
activity#org.opensolaris.hub.libmicro.NativeTesterMicro
ADDED from Android\AndroidManifest.xml:142:2-149:13
	android:screenOrientation
		ADDED from Android\AndroidManifest.xml:144:2-38
	android:name
		ADDED from Android\AndroidManifest.xml:143:2-63
activity#org.zeroxlab.byteunix.NativeTesterUbench
ADDED from Android\AndroidManifest.xml:151:2-158:13
	android:screenOrientation
		ADDED from Android\AndroidManifest.xml:153:2-38
	android:name
		ADDED from Android\AndroidManifest.xml:152:2-57
activity#org.zeroxlab.graphics.DrawRect
ADDED from Android\AndroidManifest.xml:160:2-167:13
	android:screenOrientation
		ADDED from Android\AndroidManifest.xml:162:2-38
	android:name
		ADDED from Android\AndroidManifest.xml:161:2-47
activity#org.zeroxlab.graphics.DrawArc
ADDED from Android\AndroidManifest.xml:169:2-176:13
	android:screenOrientation
		ADDED from Android\AndroidManifest.xml:171:2-38
	android:name
		ADDED from Android\AndroidManifest.xml:170:2-46
activity#org.zeroxlab.graphics.DrawText
ADDED from Android\AndroidManifest.xml:178:2-185:13
	android:screenOrientation
		ADDED from Android\AndroidManifest.xml:180:2-38
	android:name
		ADDED from Android\AndroidManifest.xml:179:2-47
activity#org.zeroxlab.graphics.DrawCircle2
ADDED from Android\AndroidManifest.xml:187:2-194:13
	android:screenOrientation
		ADDED from Android\AndroidManifest.xml:189:2-38
	android:name
		ADDED from Android\AndroidManifest.xml:188:2-50
activity#org.zeroxlab.graphics.DrawImage
ADDED from Android\AndroidManifest.xml:196:2-203:13
	android:screenOrientation
		ADDED from Android\AndroidManifest.xml:198:2-38
	android:name
		ADDED from Android\AndroidManifest.xml:197:2-48
uses-sdk
ADDED from Android\AndroidManifest.xml:206:5-43
	android:minSdkVersion
		ADDED from Android\AndroidManifest.xml:206:15-40